<?xml version="1.0" encoding="UTF-8"?>
<!-- Generated by org.testng.reporters.JUnitReportReporter -->
<testsuite hostname="DESKTOP-T9ARDOU" failures="0" tests="2" name="testCases.TC002_LoginTest" time="6.869" errors="0" timestamp="2024-12-19T10:45:08 IST" skipped="0">
  <testcase classname="testCases.TC002_LoginTest" name="verify_login" time="2.582"/>
  <testcase classname="testCases.TC002_LoginTest" name="verify_login" time="4.287"/>
</testsuite> <!-- testCases.TC002_LoginTest -->
