<?xml version="1.0" encoding="UTF-8"?>
<!-- Generated by org.testng.reporters.JUnitReportReporter -->
<testsuite hostname="DESKTOP-T9ARDOU" failures="0" tests="1" name="testCases.TC002_LoginTest" time="1.609" errors="0" timestamp="2024-12-19T12:19:06 IST" skipped="0">
  <testcase classname="testCases.TC002_LoginTest" name="verify_login" time="1.609"/>
</testsuite> <!-- testCases.TC002_LoginTest -->
