<?xml version="1.0" encoding="UTF-8"?>
<!-- Generated by org.testng.reporters.JUnitReportReporter -->
<testsuite hostname="DESKTOP-T9ARDOU" failures="0" tests="1" name="testCases.TC001_AccountRegistrationTest" time="2.251" errors="0" timestamp="2024-12-19T12:19:06 IST" skipped="0">
  <testcase classname="testCases.TC001_AccountRegistrationTest" name="verify_account_registration" time="2.251"/>
</testsuite> <!-- testCases.TC001_AccountRegistrationTest -->
